Determining if the pthread_create exist failed with the following output:
Change Dir: /home/kargobot/Kargo-bot/catkin_ws/build/CMakeFiles/CMakeTmp

Run Build Command:"/usr/bin/make" "cmTC_16766/fast"
/usr/bin/make -f CMakeFiles/cmTC_16766.dir/build.make CMakeFiles/cmTC_16766.dir/build
make[1]: Entering directory '/home/kargobot/Kargo-bot/catkin_ws/build/CMakeFiles/CMakeTmp'
Building C object CMakeFiles/cmTC_16766.dir/CheckSymbolExists.c.o
/usr/bin/cc    -o CMakeFiles/cmTC_16766.dir/CheckSymbolExists.c.o   -c /home/kargobot/Kargo-bot/catkin_ws/build/CMakeFiles/CMakeTmp/CheckSymbolExists.c
Linking C executable cmTC_16766
/usr/bin/cmake -E cmake_link_script CMakeFiles/cmTC_16766.dir/link.txt --verbose=1
/usr/bin/cc      -rdynamic CMakeFiles/cmTC_16766.dir/CheckSymbolExists.c.o  -o cmTC_16766 
CMakeFiles/cmTC_16766.dir/CheckSymbolExists.c.o: In function `main':
CheckSymbolExists.c:(.text+0x14): undefined reference to `pthread_create'
CheckSymbolExists.c:(.text+0x18): undefined reference to `pthread_create'
collect2: error: ld returned 1 exit status
CMakeFiles/cmTC_16766.dir/build.make:97: recipe for target 'cmTC_16766' failed
make[1]: *** [cmTC_16766] Error 1
make[1]: Leaving directory '/home/kargobot/Kargo-bot/catkin_ws/build/CMakeFiles/CMakeTmp'
Makefile:126: recipe for target 'cmTC_16766/fast' failed
make: *** [cmTC_16766/fast] Error 2

File /home/kargobot/Kargo-bot/catkin_ws/build/CMakeFiles/CMakeTmp/CheckSymbolExists.c:
/* */
#include <pthread.h>

int main(int argc, char** argv)
{
  (void)argv;
#ifndef pthread_create
  return ((int*)(&pthread_create))[argc];
#else
  (void)argc;
  return 0;
#endif
}

Determining if the function pthread_create exists in the pthreads failed with the following output:
Change Dir: /home/kargobot/Kargo-bot/catkin_ws/build/CMakeFiles/CMakeTmp

Run Build Command:"/usr/bin/make" "cmTC_29832/fast"
/usr/bin/make -f CMakeFiles/cmTC_29832.dir/build.make CMakeFiles/cmTC_29832.dir/build
make[1]: Entering directory '/home/kargobot/Kargo-bot/catkin_ws/build/CMakeFiles/CMakeTmp'
Building C object CMakeFiles/cmTC_29832.dir/CheckFunctionExists.c.o
/usr/bin/cc   -DCHECK_FUNCTION_EXISTS=pthread_create   -o CMakeFiles/cmTC_29832.dir/CheckFunctionExists.c.o   -c /usr/share/cmake-3.10/Modules/CheckFunctionExists.c
Linking C executable cmTC_29832
/usr/bin/cmake -E cmake_link_script CMakeFiles/cmTC_29832.dir/link.txt --verbose=1
/usr/bin/cc  -DCHECK_FUNCTION_EXISTS=pthread_create    -rdynamic CMakeFiles/cmTC_29832.dir/CheckFunctionExists.c.o  -o cmTC_29832 -lpthreads 
/usr/bin/ld: cannot find -lpthreads
collect2: error: ld returned 1 exit status
CMakeFiles/cmTC_29832.dir/build.make:97: recipe for target 'cmTC_29832' failed
make[1]: *** [cmTC_29832] Error 1
make[1]: Leaving directory '/home/kargobot/Kargo-bot/catkin_ws/build/CMakeFiles/CMakeTmp'
Makefile:126: recipe for target 'cmTC_29832/fast' failed
make: *** [cmTC_29832/fast] Error 2


